06-29 12:29:18 com_github_MitjaNemec_ReplicateLayout.action_replicate_layout 400:Plugin executed on: 'win32'
06-29 12:29:18 com_github_MitjaNemec_ReplicateLayout.action_replicate_layout 401:Plugin executed with python version: '3.9.16 (main, May 18 2023, 07:48:16) [MSC v.1936 64 bit (AMD64)]'
06-29 12:29:18 com_github_MitjaNemec_ReplicateLayout.action_replicate_layout 402:KiCad build version: 7.0.5
06-29 12:29:18 com_github_MitjaNemec_ReplicateLayout.action_replicate_layout 403:Plugin version: 2.1.0
06-29 12:29:18 com_github_MitjaNemec_ReplicateLayout.action_replicate_layout 404:Frame repr: <wx._core.Frame object at 0x000001F983089670>
06-29 12:29:18 com_github_MitjaNemec_ReplicateLayout.action_replicate_layout 428:Preparing replicator with R4 as a reference
06-29 12:29:18 com_github_MitjaNemec_ReplicateLayout.replicate_layout 116:getting a list of all footprints on board
06-29 12:29:18 com_github_MitjaNemec_ReplicateLayout.action_replicate_layout 476:source anchor footprint is 'R4'
Located on: ['Filters', 'F2']
With filenames: ['D:\\Pravaig_main\\Side _Projects\\NTC reader\\159Hz_Filters.kicad_sch', 'D:\\Pravaig_main\\Side _Projects\\NTC reader\\F1..32.kicad_sch']
With sheet_id:['Filters', 'F2']
06-29 12:29:18 com_github_MitjaNemec_ReplicateLayout.action_replicate_layout 483:Corresponding footprints are 
[('R66', ['Filters', 'F5']), ('R64', ['Filters', 'F25']), ('R62', ['Filters', 'F26']), ('R60', ['Filters', 'F27']), ('R58', ['Filters', 'F29']), ('R56', ['Filters', 'F31']), ('R54', ['Filters', 'F28']), ('R52', ['Filters', 'F32']), ('R50', ['Filters', 'F30']), ('R48', ['Filters', 'F17']), ('R46', ['Filters', 'F18']), ('R44', ['Filters', 'F19']), ('R42', ['Filters', 'F21']), ('R40', ['Filters', 'F23']), ('R38', ['Filters', 'F20']), ('R36', ['Filters', 'F24']), ('R34', ['Filters', 'F22']), ('R32', ['Filters', 'F9']), ('R30', ['Filters', 'F10']), ('R28', ['Filters', 'F11']), ('R26', ['Filters', 'F13']), ('R24', ['Filters', 'F15']), ('R22', ['Filters', 'F12']), ('R20', ['Filters', 'F16']), ('R18', ['Filters', 'F14']), ('R16', ['Filters', 'F8']), ('R14', ['Filters', 'F7']), ('R12', ['Filters', 'F6']), ('R10', ['Filters', 'F1']), ('R8', ['Filters', 'F4']), ('R6', ['Filters', 'F3']), ('R4', ['Filters', 'F2'])]
06-29 12:29:18 com_github_MitjaNemec_ReplicateLayout.action_replicate_layout 495:Showing dialog
06-29 12:29:18 com_github_MitjaNemec_ReplicateLayout.replicate_layout 403:constructing a list of sheets suitable for replication on level:'F2', file:'D:\\Pravaig_main\\Side _Projects\\NTC reader\\F1..32.kicad_sch'
06-29 12:29:18 com_github_MitjaNemec_ReplicateLayout.replicate_layout 440:suitable sheets are:[['Filters', 'F1'], ['Filters', 'F10'], ['Filters', 'F11'], ['Filters', 'F12'], ['Filters', 'F13'], ['Filters', 'F14'], ['Filters', 'F15'], ['Filters', 'F16'], ['Filters', 'F17'], ['Filters', 'F18'], ['Filters', 'F19'], ['Filters', 'F20'], ['Filters', 'F21'], ['Filters', 'F22'], ['Filters', 'F23'], ['Filters', 'F24'], ['Filters', 'F25'], ['Filters', 'F26'], ['Filters', 'F27'], ['Filters', 'F28'], ['Filters', 'F29'], ['Filters', 'F3'], ['Filters', 'F30'], ['Filters', 'F31'], ['Filters', 'F32'], ['Filters', 'F4'], ['Filters', 'F5'], ['Filters', 'F6'], ['Filters', 'F7'], ['Filters', 'F8'], ['Filters', 'F9']]
06-29 12:29:18 com_github_MitjaNemec_ReplicateLayout.replicate_layout 1411:Level selected: ['Filters', 'F2']
06-29 12:29:18 com_github_MitjaNemec_ReplicateLayout.replicate_layout 1246:Filtering list of tracks
06-29 12:29:19 com_github_MitjaNemec_ReplicateLayout.action_replicate_layout 501:Toolbar position: wx.Point(1883, 80)
06-29 12:29:19 com_github_MitjaNemec_ReplicateLayout.action_replicate_layout 506:Dialog position: wx.Point(1521, 80)
06-29 12:29:23 com_github_MitjaNemec_ReplicateLayout.replicate_layout 403:constructing a list of sheets suitable for replication on level:'F2', file:'D:\\Pravaig_main\\Side _Projects\\NTC reader\\F1..32.kicad_sch'
06-29 12:29:23 com_github_MitjaNemec_ReplicateLayout.replicate_layout 440:suitable sheets are:[['Filters', 'F1'], ['Filters', 'F10'], ['Filters', 'F11'], ['Filters', 'F12'], ['Filters', 'F13'], ['Filters', 'F14'], ['Filters', 'F15'], ['Filters', 'F16'], ['Filters', 'F17'], ['Filters', 'F18'], ['Filters', 'F19'], ['Filters', 'F20'], ['Filters', 'F21'], ['Filters', 'F22'], ['Filters', 'F23'], ['Filters', 'F24'], ['Filters', 'F25'], ['Filters', 'F26'], ['Filters', 'F27'], ['Filters', 'F28'], ['Filters', 'F29'], ['Filters', 'F3'], ['Filters', 'F30'], ['Filters', 'F31'], ['Filters', 'F32'], ['Filters', 'F4'], ['Filters', 'F5'], ['Filters', 'F6'], ['Filters', 'F7'], ['Filters', 'F8'], ['Filters', 'F9']]
06-29 12:29:23 com_github_MitjaNemec_ReplicateLayout.action_replicate_layout 248:Replicating layout
06-29 12:29:23 com_github_MitjaNemec_ReplicateLayout.replicate_layout 239:Starting replication of sheets: [['Filters', 'F1'], ['Filters', 'F10'], ['Filters', 'F11'], ['Filters', 'F12'], ['Filters', 'F13'], ['Filters', 'F14'], ['Filters', 'F15'], ['Filters', 'F16'], ['Filters', 'F17'], ['Filters', 'F18'], ['Filters', 'F19'], ['Filters', 'F20'], ['Filters', 'F21'], ['Filters', 'F22'], ['Filters', 'F23'], ['Filters', 'F24'], ['Filters', 'F25'], ['Filters', 'F26'], ['Filters', 'F27'], ['Filters', 'F28'], ['Filters', 'F29'], ['Filters', 'F3'], ['Filters', 'F30'], ['Filters', 'F31'], ['Filters', 'F32'], ['Filters', 'F4'], ['Filters', 'F5'], ['Filters', 'F6'], ['Filters', 'F7'], ['Filters', 'F8'], ['Filters', 'F9']]
on level: ['Filters', 'F2']
with tracks=True, zone=True, text=True, text=True, intersecting=False, remove=False, locked footprints=False, group_only=False
06-29 12:29:23 root 340:updating GUI message: 'Preparing for replication'
06-29 12:29:23 root 345:updating GUI with: 0
06-29 12:29:23 com_github_MitjaNemec_ReplicateLayout.replicate_layout 309:Getting the list of source footprints
06-29 12:29:23 com_github_MitjaNemec_ReplicateLayout.replicate_layout 319:Getting the list of all the remaining footprints
06-29 12:29:23 com_github_MitjaNemec_ReplicateLayout.replicate_layout 326:Getting source tracks
06-29 12:29:23 com_github_MitjaNemec_ReplicateLayout.replicate_layout 1246:Filtering list of tracks
06-29 12:29:23 com_github_MitjaNemec_ReplicateLayout.replicate_layout 330:Getting source zones
06-29 12:29:23 com_github_MitjaNemec_ReplicateLayout.replicate_layout 334:Getting source text items
06-29 12:29:23 root 345:updating GUI with: 66
06-29 12:29:23 com_github_MitjaNemec_ReplicateLayout.replicate_layout 338:Getting source drawing items
06-29 12:29:23 root 340:updating GUI message: 'Replicating footprints'
06-29 12:29:23 com_github_MitjaNemec_ReplicateLayout.replicate_layout 754:Replicating footprints
06-29 12:29:23 com_github_MitjaNemec_ReplicateLayout.replicate_layout 761:Replicating footprints on sheet ['Filters', 'F1']
06-29 12:29:23 com_github_MitjaNemec_ReplicateLayout.replicate_layout 761:Replicating footprints on sheet ['Filters', 'F10']
06-29 12:29:23 com_github_MitjaNemec_ReplicateLayout.replicate_layout 761:Replicating footprints on sheet ['Filters', 'F11']
06-29 12:29:23 com_github_MitjaNemec_ReplicateLayout.replicate_layout 761:Replicating footprints on sheet ['Filters', 'F12']
06-29 12:29:23 com_github_MitjaNemec_ReplicateLayout.replicate_layout 761:Replicating footprints on sheet ['Filters', 'F13']
06-29 12:29:23 com_github_MitjaNemec_ReplicateLayout.replicate_layout 761:Replicating footprints on sheet ['Filters', 'F14']
06-29 12:29:23 com_github_MitjaNemec_ReplicateLayout.replicate_layout 761:Replicating footprints on sheet ['Filters', 'F15']
06-29 12:29:23 com_github_MitjaNemec_ReplicateLayout.replicate_layout 761:Replicating footprints on sheet ['Filters', 'F16']
06-29 12:29:23 com_github_MitjaNemec_ReplicateLayout.replicate_layout 761:Replicating footprints on sheet ['Filters', 'F17']
06-29 12:29:23 com_github_MitjaNemec_ReplicateLayout.replicate_layout 761:Replicating footprints on sheet ['Filters', 'F18']
06-29 12:29:23 com_github_MitjaNemec_ReplicateLayout.replicate_layout 761:Replicating footprints on sheet ['Filters', 'F19']
06-29 12:29:23 com_github_MitjaNemec_ReplicateLayout.replicate_layout 761:Replicating footprints on sheet ['Filters', 'F20']
06-29 12:29:23 com_github_MitjaNemec_ReplicateLayout.replicate_layout 761:Replicating footprints on sheet ['Filters', 'F21']
06-29 12:29:23 com_github_MitjaNemec_ReplicateLayout.replicate_layout 761:Replicating footprints on sheet ['Filters', 'F22']
06-29 12:29:23 com_github_MitjaNemec_ReplicateLayout.replicate_layout 761:Replicating footprints on sheet ['Filters', 'F23']
06-29 12:29:23 com_github_MitjaNemec_ReplicateLayout.replicate_layout 761:Replicating footprints on sheet ['Filters', 'F24']
06-29 12:29:23 com_github_MitjaNemec_ReplicateLayout.replicate_layout 761:Replicating footprints on sheet ['Filters', 'F25']
06-29 12:29:23 com_github_MitjaNemec_ReplicateLayout.replicate_layout 761:Replicating footprints on sheet ['Filters', 'F26']
06-29 12:29:23 root 345:updating GUI with: 58
06-29 12:29:23 com_github_MitjaNemec_ReplicateLayout.replicate_layout 761:Replicating footprints on sheet ['Filters', 'F27']
06-29 12:29:23 com_github_MitjaNemec_ReplicateLayout.replicate_layout 761:Replicating footprints on sheet ['Filters', 'F28']
06-29 12:29:23 com_github_MitjaNemec_ReplicateLayout.replicate_layout 761:Replicating footprints on sheet ['Filters', 'F29']
06-29 12:29:23 com_github_MitjaNemec_ReplicateLayout.replicate_layout 761:Replicating footprints on sheet ['Filters', 'F3']
06-29 12:29:23 com_github_MitjaNemec_ReplicateLayout.replicate_layout 761:Replicating footprints on sheet ['Filters', 'F30']
06-29 12:29:23 com_github_MitjaNemec_ReplicateLayout.replicate_layout 761:Replicating footprints on sheet ['Filters', 'F31']
06-29 12:29:23 com_github_MitjaNemec_ReplicateLayout.replicate_layout 761:Replicating footprints on sheet ['Filters', 'F32']
06-29 12:29:23 com_github_MitjaNemec_ReplicateLayout.replicate_layout 761:Replicating footprints on sheet ['Filters', 'F4']
06-29 12:29:23 com_github_MitjaNemec_ReplicateLayout.replicate_layout 761:Replicating footprints on sheet ['Filters', 'F5']
06-29 12:29:23 com_github_MitjaNemec_ReplicateLayout.replicate_layout 761:Replicating footprints on sheet ['Filters', 'F6']
06-29 12:29:23 com_github_MitjaNemec_ReplicateLayout.replicate_layout 761:Replicating footprints on sheet ['Filters', 'F7']
06-29 12:29:23 com_github_MitjaNemec_ReplicateLayout.replicate_layout 761:Replicating footprints on sheet ['Filters', 'F8']
06-29 12:29:23 com_github_MitjaNemec_ReplicateLayout.replicate_layout 761:Replicating footprints on sheet ['Filters', 'F9']
06-29 12:29:23 root 340:updating GUI message: 'Replicating tracks'
06-29 12:29:23 com_github_MitjaNemec_ReplicateLayout.replicate_layout 924:Replicating tracks
06-29 12:29:23 com_github_MitjaNemec_ReplicateLayout.replicate_layout 930:Replicating tracks on sheet ['Filters', 'F1']
06-29 12:29:23 com_github_MitjaNemec_ReplicateLayout.replicate_layout 749:Net pairs for sheet ['Filters', 'F1'] :[('/Filters/F2/F_Temp_1', '/Filters/F1/F_Temp_1'), ('GND', 'GND'), ('/Filters/F2/Temp_1', '/Filters/F1/Temp_1'), ('+5V', '+5V')]
06-29 12:29:23 com_github_MitjaNemec_ReplicateLayout.replicate_layout 930:Replicating tracks on sheet ['Filters', 'F10']
06-29 12:29:23 com_github_MitjaNemec_ReplicateLayout.replicate_layout 749:Net pairs for sheet ['Filters', 'F10'] :[('/Filters/F2/Temp_1', '/Filters/F10/Temp_1'), ('GND', 'GND'), ('/Filters/F2/F_Temp_1', '/Filters/F10/F_Temp_1'), ('+5V', '+5V')]
06-29 12:29:23 com_github_MitjaNemec_ReplicateLayout.replicate_layout 930:Replicating tracks on sheet ['Filters', 'F11']
06-29 12:29:23 com_github_MitjaNemec_ReplicateLayout.replicate_layout 749:Net pairs for sheet ['Filters', 'F11'] :[('/Filters/F2/F_Temp_1', '/Filters/F11/F_Temp_1'), ('GND', 'GND'), ('/Filters/F2/Temp_1', '/Filters/F11/Temp_1'), ('+5V', '+5V')]
06-29 12:29:23 com_github_MitjaNemec_ReplicateLayout.replicate_layout 930:Replicating tracks on sheet ['Filters', 'F12']
06-29 12:29:23 com_github_MitjaNemec_ReplicateLayout.replicate_layout 749:Net pairs for sheet ['Filters', 'F12'] :[('/Filters/F2/Temp_1', '/Filters/F12/Temp_1'), ('GND', 'GND'), ('/Filters/F2/F_Temp_1', '/Filters/F12/F_Temp_1'), ('+5V', '+5V')]
06-29 12:29:23 com_github_MitjaNemec_ReplicateLayout.replicate_layout 930:Replicating tracks on sheet ['Filters', 'F13']
06-29 12:29:23 com_github_MitjaNemec_ReplicateLayout.replicate_layout 749:Net pairs for sheet ['Filters', 'F13'] :[('/Filters/F2/Temp_1', '/Filters/F13/Temp_1'), ('GND', 'GND'), ('/Filters/F2/F_Temp_1', '/Filters/F13/F_Temp_1'), ('+5V', '+5V')]
06-29 12:29:23 com_github_MitjaNemec_ReplicateLayout.replicate_layout 930:Replicating tracks on sheet ['Filters', 'F14']
06-29 12:29:23 com_github_MitjaNemec_ReplicateLayout.replicate_layout 749:Net pairs for sheet ['Filters', 'F14'] :[('/Filters/F2/F_Temp_1', '/Filters/F14/F_Temp_1'), ('GND', 'GND'), ('/Filters/F2/Temp_1', '/Filters/F14/Temp_1'), ('+5V', '+5V')]
06-29 12:29:23 com_github_MitjaNemec_ReplicateLayout.replicate_layout 930:Replicating tracks on sheet ['Filters', 'F15']
06-29 12:29:23 com_github_MitjaNemec_ReplicateLayout.replicate_layout 749:Net pairs for sheet ['Filters', 'F15'] :[('+5V', '+5V'), ('GND', 'GND'), ('/Filters/F2/Temp_1', '/Filters/F15/Temp_1'), ('/Filters/F2/F_Temp_1', '/Filters/F15/F_Temp_1')]
06-29 12:29:23 com_github_MitjaNemec_ReplicateLayout.replicate_layout 930:Replicating tracks on sheet ['Filters', 'F16']
06-29 12:29:23 com_github_MitjaNemec_ReplicateLayout.replicate_layout 749:Net pairs for sheet ['Filters', 'F16'] :[('+5V', '+5V'), ('GND', 'GND'), ('/Filters/F2/F_Temp_1', '/Filters/F16/F_Temp_1'), ('/Filters/F2/Temp_1', '/Filters/F16/Temp_1')]
06-29 12:29:23 com_github_MitjaNemec_ReplicateLayout.replicate_layout 930:Replicating tracks on sheet ['Filters', 'F17']
06-29 12:29:23 com_github_MitjaNemec_ReplicateLayout.replicate_layout 749:Net pairs for sheet ['Filters', 'F17'] :[('/Filters/F2/Temp_1', '/Filters/F17/Temp_1'), ('+5V', '+5V'), ('GND', 'GND'), ('/Filters/F2/F_Temp_1', '/Filters/F17/F_Temp_1')]
06-29 12:29:23 root 345:updating GUI with: 29
06-29 12:29:23 com_github_MitjaNemec_ReplicateLayout.replicate_layout 930:Replicating tracks on sheet ['Filters', 'F18']
06-29 12:29:23 com_github_MitjaNemec_ReplicateLayout.replicate_layout 749:Net pairs for sheet ['Filters', 'F18'] :[('GND', 'GND'), ('/Filters/F2/Temp_1', '/Filters/F18/Temp_1'), ('/Filters/F2/F_Temp_1', '/Filters/F18/F_Temp_1'), ('+5V', '+5V')]
06-29 12:29:23 com_github_MitjaNemec_ReplicateLayout.replicate_layout 930:Replicating tracks on sheet ['Filters', 'F19']
06-29 12:29:23 com_github_MitjaNemec_ReplicateLayout.replicate_layout 749:Net pairs for sheet ['Filters', 'F19'] :[('/Filters/F2/Temp_1', '/Filters/F19/Temp_1'), ('+5V', '+5V'), ('GND', 'GND'), ('/Filters/F2/F_Temp_1', '/Filters/F19/F_Temp_1')]
06-29 12:29:23 com_github_MitjaNemec_ReplicateLayout.replicate_layout 930:Replicating tracks on sheet ['Filters', 'F20']
06-29 12:29:23 com_github_MitjaNemec_ReplicateLayout.replicate_layout 749:Net pairs for sheet ['Filters', 'F20'] :[('GND', 'GND'), ('/Filters/F2/Temp_1', '/Filters/F20/Temp_1'), ('/Filters/F2/F_Temp_1', '/Filters/F20/F_Temp_1'), ('+5V', '+5V')]
06-29 12:29:23 com_github_MitjaNemec_ReplicateLayout.replicate_layout 930:Replicating tracks on sheet ['Filters', 'F21']
06-29 12:29:23 com_github_MitjaNemec_ReplicateLayout.replicate_layout 749:Net pairs for sheet ['Filters', 'F21'] :[('/Filters/F2/Temp_1', '/Filters/F21/Temp_1'), ('GND', 'GND'), ('/Filters/F2/F_Temp_1', '/Filters/F21/F_Temp_1'), ('+5V', '+5V')]
06-29 12:29:23 com_github_MitjaNemec_ReplicateLayout.replicate_layout 930:Replicating tracks on sheet ['Filters', 'F22']
06-29 12:29:23 com_github_MitjaNemec_ReplicateLayout.replicate_layout 749:Net pairs for sheet ['Filters', 'F22'] :[('GND', 'GND'), ('/Filters/F2/Temp_1', '/Filters/F22/Temp_1'), ('/Filters/F2/F_Temp_1', '/Filters/F22/F_Temp_1'), ('+5V', '+5V')]
06-29 12:29:23 com_github_MitjaNemec_ReplicateLayout.replicate_layout 930:Replicating tracks on sheet ['Filters', 'F23']
06-29 12:29:23 com_github_MitjaNemec_ReplicateLayout.replicate_layout 749:Net pairs for sheet ['Filters', 'F23'] :[('/Filters/F2/F_Temp_1', '/Filters/F23/F_Temp_1'), ('/Filters/F2/Temp_1', '/Filters/F23/Temp_1'), ('GND', 'GND'), ('+5V', '+5V')]
06-29 12:29:23 com_github_MitjaNemec_ReplicateLayout.replicate_layout 930:Replicating tracks on sheet ['Filters', 'F24']
06-29 12:29:23 com_github_MitjaNemec_ReplicateLayout.replicate_layout 749:Net pairs for sheet ['Filters', 'F24'] :[('/Filters/F2/F_Temp_1', '/Filters/F24/F_Temp_1'), ('/Filters/F2/Temp_1', '/Filters/F24/Temp_1'), ('GND', 'GND'), ('+5V', '+5V')]
06-29 12:29:23 com_github_MitjaNemec_ReplicateLayout.replicate_layout 930:Replicating tracks on sheet ['Filters', 'F25']
06-29 12:29:23 com_github_MitjaNemec_ReplicateLayout.replicate_layout 749:Net pairs for sheet ['Filters', 'F25'] :[('GND', 'GND'), ('/Filters/F2/F_Temp_1', '/Filters/F25/F_Temp_1'), ('/Filters/F2/Temp_1', '/Filters/F25/Temp_1'), ('+5V', '+5V')]
06-29 12:29:23 com_github_MitjaNemec_ReplicateLayout.replicate_layout 930:Replicating tracks on sheet ['Filters', 'F26']
06-29 12:29:23 com_github_MitjaNemec_ReplicateLayout.replicate_layout 749:Net pairs for sheet ['Filters', 'F26'] :[('GND', 'GND'), ('/Filters/F2/Temp_1', '/Filters/F26/Temp_1'), ('/Filters/F2/F_Temp_1', '/Filters/F26/F_Temp_1'), ('+5V', '+5V')]
06-29 12:29:23 com_github_MitjaNemec_ReplicateLayout.replicate_layout 930:Replicating tracks on sheet ['Filters', 'F27']
06-29 12:29:23 com_github_MitjaNemec_ReplicateLayout.replicate_layout 749:Net pairs for sheet ['Filters', 'F27'] :[('+5V', '+5V'), ('/Filters/F2/F_Temp_1', '/Filters/F27/F_Temp_1'), ('GND', 'GND'), ('/Filters/F2/Temp_1', '/Filters/F27/Temp_1')]
06-29 12:29:23 com_github_MitjaNemec_ReplicateLayout.replicate_layout 930:Replicating tracks on sheet ['Filters', 'F28']
06-29 12:29:23 com_github_MitjaNemec_ReplicateLayout.replicate_layout 749:Net pairs for sheet ['Filters', 'F28'] :[('+5V', '+5V'), ('/Filters/F2/Temp_1', '/Filters/F28/Temp_1'), ('GND', 'GND'), ('/Filters/F2/F_Temp_1', '/Filters/F28/F_Temp_1')]
06-29 12:29:23 com_github_MitjaNemec_ReplicateLayout.replicate_layout 930:Replicating tracks on sheet ['Filters', 'F29']
06-29 12:29:23 com_github_MitjaNemec_ReplicateLayout.replicate_layout 749:Net pairs for sheet ['Filters', 'F29'] :[('/Filters/F2/Temp_1', '/Filters/F29/Temp_1'), ('+5V', '+5V'), ('GND', 'GND'), ('/Filters/F2/F_Temp_1', '/Filters/F29/F_Temp_1')]
06-29 12:29:23 com_github_MitjaNemec_ReplicateLayout.replicate_layout 930:Replicating tracks on sheet ['Filters', 'F3']
06-29 12:29:23 com_github_MitjaNemec_ReplicateLayout.replicate_layout 749:Net pairs for sheet ['Filters', 'F3'] :[('/Filters/F2/Temp_1', '/Filters/F3/Temp_1'), ('GND', 'GND'), ('/Filters/F2/F_Temp_1', '/Filters/F3/F_Temp_1'), ('+5V', '+5V')]
06-29 12:29:23 com_github_MitjaNemec_ReplicateLayout.replicate_layout 930:Replicating tracks on sheet ['Filters', 'F30']
06-29 12:29:23 com_github_MitjaNemec_ReplicateLayout.replicate_layout 749:Net pairs for sheet ['Filters', 'F30'] :[('/Filters/F2/Temp_1', '/Filters/F30/Temp_1'), ('+5V', '+5V'), ('GND', 'GND'), ('/Filters/F2/F_Temp_1', '/Filters/F30/F_Temp_1')]
06-29 12:29:23 com_github_MitjaNemec_ReplicateLayout.replicate_layout 930:Replicating tracks on sheet ['Filters', 'F31']
06-29 12:29:23 com_github_MitjaNemec_ReplicateLayout.replicate_layout 749:Net pairs for sheet ['Filters', 'F31'] :[('/Filters/F2/Temp_1', '/Filters/F31/Temp_1'), ('+5V', '+5V'), ('GND', 'GND'), ('/Filters/F2/F_Temp_1', '/Filters/F31/F_Temp_1')]
06-29 12:29:23 com_github_MitjaNemec_ReplicateLayout.replicate_layout 930:Replicating tracks on sheet ['Filters', 'F32']
06-29 12:29:23 com_github_MitjaNemec_ReplicateLayout.replicate_layout 749:Net pairs for sheet ['Filters', 'F32'] :[('/Filters/F2/Temp_1', '/Filters/F32/Temp_1'), ('+5V', '+5V'), ('GND', 'GND'), ('/Filters/F2/F_Temp_1', '/Filters/F32/F_Temp_1')]
06-29 12:29:23 com_github_MitjaNemec_ReplicateLayout.replicate_layout 930:Replicating tracks on sheet ['Filters', 'F4']
06-29 12:29:23 com_github_MitjaNemec_ReplicateLayout.replicate_layout 749:Net pairs for sheet ['Filters', 'F4'] :[('/Filters/F2/F_Temp_1', '/Filters/F4/F_Temp_1'), ('GND', 'GND'), ('/Filters/F2/Temp_1', '/Filters/F4/Temp_1'), ('+5V', '+5V')]
06-29 12:29:23 com_github_MitjaNemec_ReplicateLayout.replicate_layout 930:Replicating tracks on sheet ['Filters', 'F5']
06-29 12:29:23 com_github_MitjaNemec_ReplicateLayout.replicate_layout 749:Net pairs for sheet ['Filters', 'F5'] :[('/Filters/F2/F_Temp_1', '/Filters/F5/F_Temp_1'), ('GND', 'GND'), ('/Filters/F2/Temp_1', '/Filters/F5/Temp_1'), ('+5V', '+5V')]
06-29 12:29:23 com_github_MitjaNemec_ReplicateLayout.replicate_layout 930:Replicating tracks on sheet ['Filters', 'F6']
06-29 12:29:23 com_github_MitjaNemec_ReplicateLayout.replicate_layout 749:Net pairs for sheet ['Filters', 'F6'] :[('+5V', '+5V'), ('/Filters/F2/Temp_1', '/Filters/F6/Temp_1'), ('GND', 'GND'), ('/Filters/F2/F_Temp_1', '/Filters/F6/F_Temp_1')]
06-29 12:29:23 com_github_MitjaNemec_ReplicateLayout.replicate_layout 930:Replicating tracks on sheet ['Filters', 'F7']
06-29 12:29:23 com_github_MitjaNemec_ReplicateLayout.replicate_layout 749:Net pairs for sheet ['Filters', 'F7'] :[('/Filters/F2/Temp_1', '/Filters/F7/Temp_1'), ('GND', 'GND'), ('/Filters/F2/F_Temp_1', '/Filters/F7/F_Temp_1'), ('+5V', '+5V')]
06-29 12:29:23 com_github_MitjaNemec_ReplicateLayout.replicate_layout 930:Replicating tracks on sheet ['Filters', 'F8']
06-29 12:29:23 com_github_MitjaNemec_ReplicateLayout.replicate_layout 749:Net pairs for sheet ['Filters', 'F8'] :[('/Filters/F2/F_Temp_1', '/Filters/F8/F_Temp_1'), ('+5V', '+5V'), ('GND', 'GND'), ('/Filters/F2/Temp_1', '/Filters/F8/Temp_1')]
06-29 12:29:23 com_github_MitjaNemec_ReplicateLayout.replicate_layout 930:Replicating tracks on sheet ['Filters', 'F9']
06-29 12:29:23 com_github_MitjaNemec_ReplicateLayout.replicate_layout 749:Net pairs for sheet ['Filters', 'F9'] :[('/Filters/F2/Temp_1', '/Filters/F9/Temp_1'), ('GND', 'GND'), ('/Filters/F2/F_Temp_1', '/Filters/F9/F_Temp_1'), ('+5V', '+5V')]
06-29 12:29:23 root 340:updating GUI message: 'Replicating zones'
06-29 12:29:23 com_github_MitjaNemec_ReplicateLayout.replicate_layout 994:Replicating zones
06-29 12:29:23 com_github_MitjaNemec_ReplicateLayout.replicate_layout 1001:Replicating zones on sheet ['Filters', 'F1']
06-29 12:29:23 com_github_MitjaNemec_ReplicateLayout.replicate_layout 749:Net pairs for sheet ['Filters', 'F1'] :[('/Filters/F2/F_Temp_1', '/Filters/F1/F_Temp_1'), ('GND', 'GND'), ('/Filters/F2/Temp_1', '/Filters/F1/Temp_1'), ('+5V', '+5V')]
06-29 12:29:23 com_github_MitjaNemec_ReplicateLayout.replicate_layout 1001:Replicating zones on sheet ['Filters', 'F10']
06-29 12:29:23 com_github_MitjaNemec_ReplicateLayout.replicate_layout 749:Net pairs for sheet ['Filters', 'F10'] :[('/Filters/F2/Temp_1', '/Filters/F10/Temp_1'), ('GND', 'GND'), ('/Filters/F2/F_Temp_1', '/Filters/F10/F_Temp_1'), ('+5V', '+5V')]
06-29 12:29:23 com_github_MitjaNemec_ReplicateLayout.replicate_layout 1001:Replicating zones on sheet ['Filters', 'F11']
06-29 12:29:23 com_github_MitjaNemec_ReplicateLayout.replicate_layout 749:Net pairs for sheet ['Filters', 'F11'] :[('/Filters/F2/F_Temp_1', '/Filters/F11/F_Temp_1'), ('GND', 'GND'), ('/Filters/F2/Temp_1', '/Filters/F11/Temp_1'), ('+5V', '+5V')]
06-29 12:29:23 com_github_MitjaNemec_ReplicateLayout.replicate_layout 1001:Replicating zones on sheet ['Filters', 'F12']
06-29 12:29:23 com_github_MitjaNemec_ReplicateLayout.replicate_layout 749:Net pairs for sheet ['Filters', 'F12'] :[('/Filters/F2/Temp_1', '/Filters/F12/Temp_1'), ('GND', 'GND'), ('/Filters/F2/F_Temp_1', '/Filters/F12/F_Temp_1'), ('+5V', '+5V')]
06-29 12:29:23 com_github_MitjaNemec_ReplicateLayout.replicate_layout 1001:Replicating zones on sheet ['Filters', 'F13']
06-29 12:29:23 com_github_MitjaNemec_ReplicateLayout.replicate_layout 749:Net pairs for sheet ['Filters', 'F13'] :[('/Filters/F2/Temp_1', '/Filters/F13/Temp_1'), ('GND', 'GND'), ('/Filters/F2/F_Temp_1', '/Filters/F13/F_Temp_1'), ('+5V', '+5V')]
06-29 12:29:23 com_github_MitjaNemec_ReplicateLayout.replicate_layout 1001:Replicating zones on sheet ['Filters', 'F14']
06-29 12:29:23 com_github_MitjaNemec_ReplicateLayout.replicate_layout 749:Net pairs for sheet ['Filters', 'F14'] :[('/Filters/F2/F_Temp_1', '/Filters/F14/F_Temp_1'), ('GND', 'GND'), ('/Filters/F2/Temp_1', '/Filters/F14/Temp_1'), ('+5V', '+5V')]
06-29 12:29:23 com_github_MitjaNemec_ReplicateLayout.replicate_layout 1001:Replicating zones on sheet ['Filters', 'F15']
06-29 12:29:23 com_github_MitjaNemec_ReplicateLayout.replicate_layout 749:Net pairs for sheet ['Filters', 'F15'] :[('+5V', '+5V'), ('GND', 'GND'), ('/Filters/F2/Temp_1', '/Filters/F15/Temp_1'), ('/Filters/F2/F_Temp_1', '/Filters/F15/F_Temp_1')]
06-29 12:29:23 com_github_MitjaNemec_ReplicateLayout.replicate_layout 1001:Replicating zones on sheet ['Filters', 'F16']
06-29 12:29:23 com_github_MitjaNemec_ReplicateLayout.replicate_layout 749:Net pairs for sheet ['Filters', 'F16'] :[('+5V', '+5V'), ('GND', 'GND'), ('/Filters/F2/F_Temp_1', '/Filters/F16/F_Temp_1'), ('/Filters/F2/Temp_1', '/Filters/F16/Temp_1')]
06-29 12:29:23 com_github_MitjaNemec_ReplicateLayout.replicate_layout 1001:Replicating zones on sheet ['Filters', 'F17']
06-29 12:29:23 com_github_MitjaNemec_ReplicateLayout.replicate_layout 749:Net pairs for sheet ['Filters', 'F17'] :[('/Filters/F2/Temp_1', '/Filters/F17/Temp_1'), ('+5V', '+5V'), ('GND', 'GND'), ('/Filters/F2/F_Temp_1', '/Filters/F17/F_Temp_1')]
06-29 12:29:23 com_github_MitjaNemec_ReplicateLayout.replicate_layout 1001:Replicating zones on sheet ['Filters', 'F18']
06-29 12:29:23 com_github_MitjaNemec_ReplicateLayout.replicate_layout 749:Net pairs for sheet ['Filters', 'F18'] :[('GND', 'GND'), ('/Filters/F2/Temp_1', '/Filters/F18/Temp_1'), ('/Filters/F2/F_Temp_1', '/Filters/F18/F_Temp_1'), ('+5V', '+5V')]
06-29 12:29:23 com_github_MitjaNemec_ReplicateLayout.replicate_layout 1001:Replicating zones on sheet ['Filters', 'F19']
06-29 12:29:23 com_github_MitjaNemec_ReplicateLayout.replicate_layout 749:Net pairs for sheet ['Filters', 'F19'] :[('/Filters/F2/Temp_1', '/Filters/F19/Temp_1'), ('+5V', '+5V'), ('GND', 'GND'), ('/Filters/F2/F_Temp_1', '/Filters/F19/F_Temp_1')]
06-29 12:29:23 com_github_MitjaNemec_ReplicateLayout.replicate_layout 1001:Replicating zones on sheet ['Filters', 'F20']
06-29 12:29:23 com_github_MitjaNemec_ReplicateLayout.replicate_layout 749:Net pairs for sheet ['Filters', 'F20'] :[('GND', 'GND'), ('/Filters/F2/Temp_1', '/Filters/F20/Temp_1'), ('/Filters/F2/F_Temp_1', '/Filters/F20/F_Temp_1'), ('+5V', '+5V')]
06-29 12:29:23 com_github_MitjaNemec_ReplicateLayout.replicate_layout 1001:Replicating zones on sheet ['Filters', 'F21']
06-29 12:29:23 com_github_MitjaNemec_ReplicateLayout.replicate_layout 749:Net pairs for sheet ['Filters', 'F21'] :[('/Filters/F2/Temp_1', '/Filters/F21/Temp_1'), ('GND', 'GND'), ('/Filters/F2/F_Temp_1', '/Filters/F21/F_Temp_1'), ('+5V', '+5V')]
06-29 12:29:23 com_github_MitjaNemec_ReplicateLayout.replicate_layout 1001:Replicating zones on sheet ['Filters', 'F22']
06-29 12:29:23 com_github_MitjaNemec_ReplicateLayout.replicate_layout 749:Net pairs for sheet ['Filters', 'F22'] :[('GND', 'GND'), ('/Filters/F2/Temp_1', '/Filters/F22/Temp_1'), ('/Filters/F2/F_Temp_1', '/Filters/F22/F_Temp_1'), ('+5V', '+5V')]
06-29 12:29:23 root 345:updating GUI with: 45
06-29 12:29:23 com_github_MitjaNemec_ReplicateLayout.replicate_layout 1001:Replicating zones on sheet ['Filters', 'F23']
06-29 12:29:23 com_github_MitjaNemec_ReplicateLayout.replicate_layout 749:Net pairs for sheet ['Filters', 'F23'] :[('/Filters/F2/F_Temp_1', '/Filters/F23/F_Temp_1'), ('/Filters/F2/Temp_1', '/Filters/F23/Temp_1'), ('GND', 'GND'), ('+5V', '+5V')]
06-29 12:29:23 com_github_MitjaNemec_ReplicateLayout.replicate_layout 1001:Replicating zones on sheet ['Filters', 'F24']
06-29 12:29:23 com_github_MitjaNemec_ReplicateLayout.replicate_layout 749:Net pairs for sheet ['Filters', 'F24'] :[('/Filters/F2/F_Temp_1', '/Filters/F24/F_Temp_1'), ('/Filters/F2/Temp_1', '/Filters/F24/Temp_1'), ('GND', 'GND'), ('+5V', '+5V')]
06-29 12:29:23 com_github_MitjaNemec_ReplicateLayout.replicate_layout 1001:Replicating zones on sheet ['Filters', 'F25']
06-29 12:29:23 com_github_MitjaNemec_ReplicateLayout.replicate_layout 749:Net pairs for sheet ['Filters', 'F25'] :[('GND', 'GND'), ('/Filters/F2/F_Temp_1', '/Filters/F25/F_Temp_1'), ('/Filters/F2/Temp_1', '/Filters/F25/Temp_1'), ('+5V', '+5V')]
06-29 12:29:23 com_github_MitjaNemec_ReplicateLayout.replicate_layout 1001:Replicating zones on sheet ['Filters', 'F26']
06-29 12:29:23 com_github_MitjaNemec_ReplicateLayout.replicate_layout 749:Net pairs for sheet ['Filters', 'F26'] :[('GND', 'GND'), ('/Filters/F2/Temp_1', '/Filters/F26/Temp_1'), ('/Filters/F2/F_Temp_1', '/Filters/F26/F_Temp_1'), ('+5V', '+5V')]
06-29 12:29:23 com_github_MitjaNemec_ReplicateLayout.replicate_layout 1001:Replicating zones on sheet ['Filters', 'F27']
06-29 12:29:23 com_github_MitjaNemec_ReplicateLayout.replicate_layout 749:Net pairs for sheet ['Filters', 'F27'] :[('+5V', '+5V'), ('/Filters/F2/F_Temp_1', '/Filters/F27/F_Temp_1'), ('GND', 'GND'), ('/Filters/F2/Temp_1', '/Filters/F27/Temp_1')]
06-29 12:29:23 com_github_MitjaNemec_ReplicateLayout.replicate_layout 1001:Replicating zones on sheet ['Filters', 'F28']
06-29 12:29:23 com_github_MitjaNemec_ReplicateLayout.replicate_layout 749:Net pairs for sheet ['Filters', 'F28'] :[('+5V', '+5V'), ('/Filters/F2/Temp_1', '/Filters/F28/Temp_1'), ('GND', 'GND'), ('/Filters/F2/F_Temp_1', '/Filters/F28/F_Temp_1')]
06-29 12:29:23 com_github_MitjaNemec_ReplicateLayout.replicate_layout 1001:Replicating zones on sheet ['Filters', 'F29']
06-29 12:29:23 com_github_MitjaNemec_ReplicateLayout.replicate_layout 749:Net pairs for sheet ['Filters', 'F29'] :[('/Filters/F2/Temp_1', '/Filters/F29/Temp_1'), ('+5V', '+5V'), ('GND', 'GND'), ('/Filters/F2/F_Temp_1', '/Filters/F29/F_Temp_1')]
06-29 12:29:23 com_github_MitjaNemec_ReplicateLayout.replicate_layout 1001:Replicating zones on sheet ['Filters', 'F3']
06-29 12:29:23 com_github_MitjaNemec_ReplicateLayout.replicate_layout 749:Net pairs for sheet ['Filters', 'F3'] :[('/Filters/F2/Temp_1', '/Filters/F3/Temp_1'), ('GND', 'GND'), ('/Filters/F2/F_Temp_1', '/Filters/F3/F_Temp_1'), ('+5V', '+5V')]
06-29 12:29:23 com_github_MitjaNemec_ReplicateLayout.replicate_layout 1001:Replicating zones on sheet ['Filters', 'F30']
06-29 12:29:23 com_github_MitjaNemec_ReplicateLayout.replicate_layout 749:Net pairs for sheet ['Filters', 'F30'] :[('/Filters/F2/Temp_1', '/Filters/F30/Temp_1'), ('+5V', '+5V'), ('GND', 'GND'), ('/Filters/F2/F_Temp_1', '/Filters/F30/F_Temp_1')]
06-29 12:29:23 com_github_MitjaNemec_ReplicateLayout.replicate_layout 1001:Replicating zones on sheet ['Filters', 'F31']
06-29 12:29:23 com_github_MitjaNemec_ReplicateLayout.replicate_layout 749:Net pairs for sheet ['Filters', 'F31'] :[('/Filters/F2/Temp_1', '/Filters/F31/Temp_1'), ('+5V', '+5V'), ('GND', 'GND'), ('/Filters/F2/F_Temp_1', '/Filters/F31/F_Temp_1')]
06-29 12:29:23 com_github_MitjaNemec_ReplicateLayout.replicate_layout 1001:Replicating zones on sheet ['Filters', 'F32']
06-29 12:29:23 com_github_MitjaNemec_ReplicateLayout.replicate_layout 749:Net pairs for sheet ['Filters', 'F32'] :[('/Filters/F2/Temp_1', '/Filters/F32/Temp_1'), ('+5V', '+5V'), ('GND', 'GND'), ('/Filters/F2/F_Temp_1', '/Filters/F32/F_Temp_1')]
06-29 12:29:23 com_github_MitjaNemec_ReplicateLayout.replicate_layout 1001:Replicating zones on sheet ['Filters', 'F4']
06-29 12:29:23 com_github_MitjaNemec_ReplicateLayout.replicate_layout 749:Net pairs for sheet ['Filters', 'F4'] :[('/Filters/F2/F_Temp_1', '/Filters/F4/F_Temp_1'), ('GND', 'GND'), ('/Filters/F2/Temp_1', '/Filters/F4/Temp_1'), ('+5V', '+5V')]
06-29 12:29:23 com_github_MitjaNemec_ReplicateLayout.replicate_layout 1001:Replicating zones on sheet ['Filters', 'F5']
06-29 12:29:23 com_github_MitjaNemec_ReplicateLayout.replicate_layout 749:Net pairs for sheet ['Filters', 'F5'] :[('/Filters/F2/F_Temp_1', '/Filters/F5/F_Temp_1'), ('GND', 'GND'), ('/Filters/F2/Temp_1', '/Filters/F5/Temp_1'), ('+5V', '+5V')]
06-29 12:29:23 com_github_MitjaNemec_ReplicateLayout.replicate_layout 1001:Replicating zones on sheet ['Filters', 'F6']
06-29 12:29:23 com_github_MitjaNemec_ReplicateLayout.replicate_layout 749:Net pairs for sheet ['Filters', 'F6'] :[('+5V', '+5V'), ('/Filters/F2/Temp_1', '/Filters/F6/Temp_1'), ('GND', 'GND'), ('/Filters/F2/F_Temp_1', '/Filters/F6/F_Temp_1')]
06-29 12:29:23 com_github_MitjaNemec_ReplicateLayout.replicate_layout 1001:Replicating zones on sheet ['Filters', 'F7']
06-29 12:29:23 com_github_MitjaNemec_ReplicateLayout.replicate_layout 749:Net pairs for sheet ['Filters', 'F7'] :[('/Filters/F2/Temp_1', '/Filters/F7/Temp_1'), ('GND', 'GND'), ('/Filters/F2/F_Temp_1', '/Filters/F7/F_Temp_1'), ('+5V', '+5V')]
06-29 12:29:23 com_github_MitjaNemec_ReplicateLayout.replicate_layout 1001:Replicating zones on sheet ['Filters', 'F8']
06-29 12:29:23 com_github_MitjaNemec_ReplicateLayout.replicate_layout 749:Net pairs for sheet ['Filters', 'F8'] :[('/Filters/F2/F_Temp_1', '/Filters/F8/F_Temp_1'), ('+5V', '+5V'), ('GND', 'GND'), ('/Filters/F2/Temp_1', '/Filters/F8/Temp_1')]
06-29 12:29:23 com_github_MitjaNemec_ReplicateLayout.replicate_layout 1001:Replicating zones on sheet ['Filters', 'F9']
06-29 12:29:23 com_github_MitjaNemec_ReplicateLayout.replicate_layout 749:Net pairs for sheet ['Filters', 'F9'] :[('/Filters/F2/Temp_1', '/Filters/F9/Temp_1'), ('GND', 'GND'), ('/Filters/F2/F_Temp_1', '/Filters/F9/F_Temp_1'), ('+5V', '+5V')]
06-29 12:29:23 root 340:updating GUI message: 'Replicating text'
06-29 12:29:23 com_github_MitjaNemec_ReplicateLayout.replicate_layout 1083:Replicating text
06-29 12:29:23 com_github_MitjaNemec_ReplicateLayout.replicate_layout 1090:Replicating text on sheet ['Filters', 'F1']
06-29 12:29:23 com_github_MitjaNemec_ReplicateLayout.replicate_layout 1090:Replicating text on sheet ['Filters', 'F10']
06-29 12:29:23 com_github_MitjaNemec_ReplicateLayout.replicate_layout 1090:Replicating text on sheet ['Filters', 'F11']
06-29 12:29:23 com_github_MitjaNemec_ReplicateLayout.replicate_layout 1090:Replicating text on sheet ['Filters', 'F12']
06-29 12:29:23 com_github_MitjaNemec_ReplicateLayout.replicate_layout 1090:Replicating text on sheet ['Filters', 'F13']
06-29 12:29:23 com_github_MitjaNemec_ReplicateLayout.replicate_layout 1090:Replicating text on sheet ['Filters', 'F14']
06-29 12:29:23 com_github_MitjaNemec_ReplicateLayout.replicate_layout 1090:Replicating text on sheet ['Filters', 'F15']
06-29 12:29:23 com_github_MitjaNemec_ReplicateLayout.replicate_layout 1090:Replicating text on sheet ['Filters', 'F16']
06-29 12:29:23 com_github_MitjaNemec_ReplicateLayout.replicate_layout 1090:Replicating text on sheet ['Filters', 'F17']
06-29 12:29:23 com_github_MitjaNemec_ReplicateLayout.replicate_layout 1090:Replicating text on sheet ['Filters', 'F18']
06-29 12:29:23 com_github_MitjaNemec_ReplicateLayout.replicate_layout 1090:Replicating text on sheet ['Filters', 'F19']
06-29 12:29:23 com_github_MitjaNemec_ReplicateLayout.replicate_layout 1090:Replicating text on sheet ['Filters', 'F20']
06-29 12:29:23 com_github_MitjaNemec_ReplicateLayout.replicate_layout 1090:Replicating text on sheet ['Filters', 'F21']
06-29 12:29:23 com_github_MitjaNemec_ReplicateLayout.replicate_layout 1090:Replicating text on sheet ['Filters', 'F22']
06-29 12:29:23 com_github_MitjaNemec_ReplicateLayout.replicate_layout 1090:Replicating text on sheet ['Filters', 'F23']
06-29 12:29:23 com_github_MitjaNemec_ReplicateLayout.replicate_layout 1090:Replicating text on sheet ['Filters', 'F24']
06-29 12:29:23 com_github_MitjaNemec_ReplicateLayout.replicate_layout 1090:Replicating text on sheet ['Filters', 'F25']
06-29 12:29:23 com_github_MitjaNemec_ReplicateLayout.replicate_layout 1090:Replicating text on sheet ['Filters', 'F26']
06-29 12:29:23 com_github_MitjaNemec_ReplicateLayout.replicate_layout 1090:Replicating text on sheet ['Filters', 'F27']
06-29 12:29:23 com_github_MitjaNemec_ReplicateLayout.replicate_layout 1090:Replicating text on sheet ['Filters', 'F28']
06-29 12:29:23 com_github_MitjaNemec_ReplicateLayout.replicate_layout 1090:Replicating text on sheet ['Filters', 'F29']
06-29 12:29:23 com_github_MitjaNemec_ReplicateLayout.replicate_layout 1090:Replicating text on sheet ['Filters', 'F3']
06-29 12:29:23 com_github_MitjaNemec_ReplicateLayout.replicate_layout 1090:Replicating text on sheet ['Filters', 'F30']
06-29 12:29:23 com_github_MitjaNemec_ReplicateLayout.replicate_layout 1090:Replicating text on sheet ['Filters', 'F31']
06-29 12:29:23 com_github_MitjaNemec_ReplicateLayout.replicate_layout 1090:Replicating text on sheet ['Filters', 'F32']
06-29 12:29:23 com_github_MitjaNemec_ReplicateLayout.replicate_layout 1090:Replicating text on sheet ['Filters', 'F4']
06-29 12:29:23 com_github_MitjaNemec_ReplicateLayout.replicate_layout 1090:Replicating text on sheet ['Filters', 'F5']
06-29 12:29:23 com_github_MitjaNemec_ReplicateLayout.replicate_layout 1090:Replicating text on sheet ['Filters', 'F6']
06-29 12:29:23 com_github_MitjaNemec_ReplicateLayout.replicate_layout 1090:Replicating text on sheet ['Filters', 'F7']
06-29 12:29:23 com_github_MitjaNemec_ReplicateLayout.replicate_layout 1090:Replicating text on sheet ['Filters', 'F8']
06-29 12:29:23 com_github_MitjaNemec_ReplicateLayout.replicate_layout 1090:Replicating text on sheet ['Filters', 'F9']
06-29 12:29:23 root 340:updating GUI message: 'Replicating drawings'
06-29 12:29:23 com_github_MitjaNemec_ReplicateLayout.replicate_layout 1134:Replicating drawings
06-29 12:29:23 com_github_MitjaNemec_ReplicateLayout.replicate_layout 1140:Replicating drawings on sheet ['Filters', 'F1']
06-29 12:29:23 com_github_MitjaNemec_ReplicateLayout.replicate_layout 1140:Replicating drawings on sheet ['Filters', 'F10']
06-29 12:29:23 com_github_MitjaNemec_ReplicateLayout.replicate_layout 1140:Replicating drawings on sheet ['Filters', 'F11']
06-29 12:29:23 com_github_MitjaNemec_ReplicateLayout.replicate_layout 1140:Replicating drawings on sheet ['Filters', 'F12']
06-29 12:29:23 com_github_MitjaNemec_ReplicateLayout.replicate_layout 1140:Replicating drawings on sheet ['Filters', 'F13']
06-29 12:29:23 com_github_MitjaNemec_ReplicateLayout.replicate_layout 1140:Replicating drawings on sheet ['Filters', 'F14']
06-29 12:29:23 com_github_MitjaNemec_ReplicateLayout.replicate_layout 1140:Replicating drawings on sheet ['Filters', 'F15']
06-29 12:29:23 com_github_MitjaNemec_ReplicateLayout.replicate_layout 1140:Replicating drawings on sheet ['Filters', 'F16']
06-29 12:29:23 com_github_MitjaNemec_ReplicateLayout.replicate_layout 1140:Replicating drawings on sheet ['Filters', 'F17']
06-29 12:29:23 com_github_MitjaNemec_ReplicateLayout.replicate_layout 1140:Replicating drawings on sheet ['Filters', 'F18']
06-29 12:29:23 com_github_MitjaNemec_ReplicateLayout.replicate_layout 1140:Replicating drawings on sheet ['Filters', 'F19']
06-29 12:29:23 com_github_MitjaNemec_ReplicateLayout.replicate_layout 1140:Replicating drawings on sheet ['Filters', 'F20']
06-29 12:29:23 com_github_MitjaNemec_ReplicateLayout.replicate_layout 1140:Replicating drawings on sheet ['Filters', 'F21']
06-29 12:29:23 com_github_MitjaNemec_ReplicateLayout.replicate_layout 1140:Replicating drawings on sheet ['Filters', 'F22']
06-29 12:29:23 com_github_MitjaNemec_ReplicateLayout.replicate_layout 1140:Replicating drawings on sheet ['Filters', 'F23']
06-29 12:29:23 com_github_MitjaNemec_ReplicateLayout.replicate_layout 1140:Replicating drawings on sheet ['Filters', 'F24']
06-29 12:29:23 com_github_MitjaNemec_ReplicateLayout.replicate_layout 1140:Replicating drawings on sheet ['Filters', 'F25']
06-29 12:29:23 com_github_MitjaNemec_ReplicateLayout.replicate_layout 1140:Replicating drawings on sheet ['Filters', 'F26']
06-29 12:29:23 com_github_MitjaNemec_ReplicateLayout.replicate_layout 1140:Replicating drawings on sheet ['Filters', 'F27']
06-29 12:29:23 com_github_MitjaNemec_ReplicateLayout.replicate_layout 1140:Replicating drawings on sheet ['Filters', 'F28']
06-29 12:29:23 com_github_MitjaNemec_ReplicateLayout.replicate_layout 1140:Replicating drawings on sheet ['Filters', 'F29']
06-29 12:29:23 com_github_MitjaNemec_ReplicateLayout.replicate_layout 1140:Replicating drawings on sheet ['Filters', 'F3']
06-29 12:29:23 com_github_MitjaNemec_ReplicateLayout.replicate_layout 1140:Replicating drawings on sheet ['Filters', 'F30']
06-29 12:29:23 com_github_MitjaNemec_ReplicateLayout.replicate_layout 1140:Replicating drawings on sheet ['Filters', 'F31']
06-29 12:29:23 com_github_MitjaNemec_ReplicateLayout.replicate_layout 1140:Replicating drawings on sheet ['Filters', 'F32']
06-29 12:29:23 com_github_MitjaNemec_ReplicateLayout.replicate_layout 1140:Replicating drawings on sheet ['Filters', 'F4']
06-29 12:29:23 com_github_MitjaNemec_ReplicateLayout.replicate_layout 1140:Replicating drawings on sheet ['Filters', 'F5']
06-29 12:29:23 com_github_MitjaNemec_ReplicateLayout.replicate_layout 1140:Replicating drawings on sheet ['Filters', 'F6']
06-29 12:29:23 com_github_MitjaNemec_ReplicateLayout.replicate_layout 1140:Replicating drawings on sheet ['Filters', 'F7']
06-29 12:29:23 com_github_MitjaNemec_ReplicateLayout.replicate_layout 1140:Replicating drawings on sheet ['Filters', 'F8']
06-29 12:29:23 com_github_MitjaNemec_ReplicateLayout.replicate_layout 1140:Replicating drawings on sheet ['Filters', 'F9']
06-29 12:29:24 com_github_MitjaNemec_ReplicateLayout.action_replicate_layout 264:Replication complete
