06-29 12:00:32 com_github_MitjaNemec_SaveRestoreLayout.action_save_restore_layout 172:Plugin executed on: 'win32'
06-29 12:00:32 com_github_MitjaNemec_SaveRestoreLayout.action_save_restore_layout 173:Plugin executed with python version: '3.9.16 (main, May 18 2023, 07:48:16) [MSC v.1936 64 bit (AMD64)]'
06-29 12:00:32 com_github_MitjaNemec_SaveRestoreLayout.action_save_restore_layout 174:KiCad build version: 7.0.5
06-29 12:00:32 com_github_MitjaNemec_SaveRestoreLayout.action_save_restore_layout 175:Plugin version: 2.0.8

06-29 12:00:32 com_github_MitjaNemec_SaveRestoreLayout.action_save_restore_layout 176:Frame repr: <wx._core.Frame object at 0x000001F983089670>
06-29 12:00:32 com_github_MitjaNemec_SaveRestoreLayout.action_save_restore_layout 194:Anchor footprint reference is 'R70'
06-29 12:00:33 com_github_MitjaNemec_SaveRestoreLayout.action_save_restore_layout 203:Save layout chosen
06-29 12:00:33 com_github_MitjaNemec_SaveRestoreLayout.save_restore_layout 354:Working on D:/Pravaig_main/Side _Projects/NTC reader/NTC reader.kicad_pcb
06-29 12:00:33 com_github_MitjaNemec_SaveRestoreLayout.save_restore_layout 132:getting a list of all footprints on board
06-29 12:00:33 com_github_MitjaNemec_SaveRestoreLayout.save_restore_layout 359:Saving the current board temporary in order to leave current layout intact
06-29 12:00:33 com_github_MitjaNemec_SaveRestoreLayout.save_restore_layout 365:Saving board as tempfile: C:\Users\jay\AppData\Local\Temp\temp_board_file_for_save.kicad_pcb
06-29 12:00:33 com_github_MitjaNemec_SaveRestoreLayout.save_restore_layout 370:Loaded temp boardfile: C:\Users\jay\AppData\Local\Temp\temp_board_file_for_save.kicad_pcb
06-29 12:00:33 com_github_MitjaNemec_SaveRestoreLayout.save_restore_layout 371:Get project schematics and layout data
06-29 12:00:33 com_github_MitjaNemec_SaveRestoreLayout.save_restore_layout 132:getting a list of all footprints on board
06-29 12:00:33 com_github_MitjaNemec_SaveRestoreLayout.action_save_restore_layout 208:Fatal error when creating an instance of SaveLayout
Traceback (most recent call last):
  File "C:\Users\jay\Documents\KiCad\7.0\3rdparty\plugins\com_github_MitjaNemec_SaveRestoreLayout\action_save_restore_layout.py", line 206, in Run
    save_layout = SaveLayout(board, src_anchor_fp_ref)
  File "C:\Users\jay\Documents\KiCad\7.0\3rdparty\plugins\com_github_MitjaNemec_SaveRestoreLayout\save_restore_layout.py", line 372, in __init__
    self.save_prjdata = PrjData(self.board)
  File "C:\Users\jay\Documents\KiCad\7.0\3rdparty\plugins\com_github_MitjaNemec_SaveRestoreLayout\save_restore_layout.py", line 175, in __init__
    self.parse_schematic_files(self.sch_filename, schematic_found)
  File "C:\Users\jay\Documents\KiCad\7.0\3rdparty\plugins\com_github_MitjaNemec_SaveRestoreLayout\save_restore_layout.py", line 190, in parse_schematic_files
    with open(filename, encoding='utf-8') as f:
FileNotFoundError: [Errno 2] No such file or directory: 'C:\\Users\\jay\\AppData\\Local\\Temp\\temp_board_file_for_save.kicad_sch'
